<?xml version="1.0" encoding="UTF-8"?>
<testng-results skipped="0" failed="1" total="1" passed="0">
  <reporter-output>
  </reporter-output>
  <suite name="Selenium Project" duration-ms="13854" started-at="2016-05-01T21:17:39Z" finished-at="2016-05-01T21:17:53Z">
    <groups>
    </groups>
    <test name="Test Facebook" duration-ms="13854" started-at="2016-05-01T21:17:39Z" finished-at="2016-05-01T21:17:53Z">
      <class name="edu.utexas.ece.testCases.TestFacebook">
        <test-method status="PASS" signature="init()[pri:0, instance:edu.utexas.ece.testCases.TestFacebook@6aceb1a5]" name="init" is-config="true" duration-ms="2358" started-at="2016-05-01T16:17:39Z" finished-at="2016-05-01T16:17:42Z">
          <reporter-output>
          </reporter-output>
        </test-method> <!-- init -->
        <test-method status="FAIL" signature="testFacebookVisibilitySetting(java.lang.String, java.lang.String)[pri:0, instance:edu.utexas.ece.testCases.TestFacebook@6aceb1a5]" name="testFacebookVisibilitySetting" duration-ms="11330" started-at="2016-05-01T16:17:42Z" finished-at="2016-05-01T16:17:53Z">
          <params>
            <param index="0">
              <value>
                <![CDATA[/facebookParams.xml]]>
              </value>
            </param>
            <param index="1">
              <value>
                <![CDATA[/facebookXPath.xml]]>
              </value>
            </param>
          </params>
          <exception class="java.lang.AssertionError">
            <full-stacktrace>
              <![CDATA[java.lang.AssertionError: 
	at org.testng.AssertJUnit.fail(AssertJUnit.java:59)
	at org.testng.AssertJUnit.assertTrue(AssertJUnit.java:24)
	at org.testng.AssertJUnit.assertTrue(AssertJUnit.java:33)
	at edu.utexas.ece.testTasks.TestTasks.clickBtn(TestTasks.java:50)
	at edu.utexas.ece.testCases.TestFacebook.testFacebookVisibilitySetting(TestFacebook.java:67)
	at sun.reflect.NativeMethodAccessorImpl.invoke0(Native Method)
	at sun.reflect.NativeMethodAccessorImpl.invoke(NativeMethodAccessorImpl.java:62)
	at sun.reflect.DelegatingMethodAccessorImpl.invoke(DelegatingMethodAccessorImpl.java:43)
	at java.lang.reflect.Method.invoke(Method.java:498)
	at org.testng.internal.MethodInvocationHelper.invokeMethod(MethodInvocationHelper.java:80)
	at org.testng.internal.Invoker.invokeMethod(Invoker.java:714)
	at org.testng.internal.Invoker.invokeTestMethod(Invoker.java:901)
	at org.testng.internal.Invoker.invokeTestMethods(Invoker.java:1231)
	at org.testng.internal.TestMethodWorker.invokeTestMethods(TestMethodWorker.java:127)
	at org.testng.internal.TestMethodWorker.run(TestMethodWorker.java:111)
	at org.testng.TestRunner.privateRun(TestRunner.java:767)
	at org.testng.TestRunner.run(TestRunner.java:617)
	at org.testng.SuiteRunner.runTest(SuiteRunner.java:334)
	at org.testng.SuiteRunner.runSequentially(SuiteRunner.java:329)
	at org.testng.SuiteRunner.privateRun(SuiteRunner.java:291)
	at org.testng.SuiteRunner.run(SuiteRunner.java:240)
	at org.testng.SuiteRunnerWorker.runSuite(SuiteRunnerWorker.java:52)
	at org.testng.SuiteRunnerWorker.run(SuiteRunnerWorker.java:86)
	at org.testng.TestNG.runSuitesSequentially(TestNG.java:1198)
	at org.testng.TestNG.runSuitesLocally(TestNG.java:1123)
	at org.testng.TestNG.run(TestNG.java:1031)
	at edu.utexas.ece.SeleniumMain.main(SeleniumMain.java:51)
	at sun.reflect.NativeMethodAccessorImpl.invoke0(Native Method)
	at sun.reflect.NativeMethodAccessorImpl.invoke(NativeMethodAccessorImpl.java:62)
	at sun.reflect.DelegatingMethodAccessorImpl.invoke(DelegatingMethodAccessorImpl.java:43)
	at java.lang.reflect.Method.invoke(Method.java:498)
	at com.intellij.rt.execution.application.AppMain.main(AppMain.java:144)
]]>
            </full-stacktrace>
          </exception> <!-- java.lang.AssertionError -->
          <reporter-output>
          </reporter-output>
        </test-method> <!-- testFacebookVisibilitySetting -->
        <test-method status="PASS" signature="destory()[pri:0, instance:edu.utexas.ece.testCases.TestFacebook@6aceb1a5]" name="destory" is-config="true" duration-ms="158" started-at="2016-05-01T16:17:53Z" finished-at="2016-05-01T16:17:53Z">
          <reporter-output>
          </reporter-output>
        </test-method> <!-- destory -->
      </class> <!-- edu.utexas.ece.testCases.TestFacebook -->
    </test> <!-- Test Facebook -->
  </suite> <!-- Selenium Project -->
</testng-results>
