<?xml version="1.0" encoding="UTF-8"?>
<!-- Generated by org.testng.reporters.JUnitXMLReporter -->
<testsuite hostname="HANYC" name="Test Google" tests="1" failures="1" timestamp="28 Apr 2016 06:11:48 GMT" time="7.27" errors="0">
  <testcase name="testGoogleSearch" time="1.595" classname="edu.utexas.ece.testCases.TestGoogle">
    <failure type="java.lang.AssertionError">
      <![CDATA[java.lang.AssertionError: 
	at edu.utexas.ece.testTasks.TestTasks.verifyResult(TestTasks.java:49)
	at edu.utexas.ece.testCases.TestGoogle.testGoogleSearch(TestGoogle.java:46)
	at edu.utexas.ece.SeleniumMain.main(SeleniumMain.java:51)
	at com.intellij.rt.execution.application.AppMain.main(AppMain.java:144)
... Removed 28 stack frames]]>
    </failure>
  </testcase> <!-- testGoogleSearch -->
</testsuite> <!-- Test Google -->
