<?xml version="1.0" encoding="UTF-8"?>
<!-- Generated by org.testng.reporters.JUnitXMLReporter -->
<testsuite hostname="wireless-10-145-97-239.public.utexas.edu" name="Test Facebook" tests="1" failures="1" timestamp="1 May 2016 21:17:53 GMT" time="13.854" errors="0">
  <testcase name="testFacebookVisibilitySetting" time="11.33" classname="edu.utexas.ece.testCases.TestFacebook">
    <failure type="java.lang.AssertionError">
      <![CDATA[java.lang.AssertionError: 
	at edu.utexas.ece.testTasks.TestTasks.clickBtn(TestTasks.java:50)
	at edu.utexas.ece.testCases.TestFacebook.testFacebookVisibilitySetting(TestFacebook.java:67)
	at edu.utexas.ece.SeleniumMain.main(SeleniumMain.java:51)
	at com.intellij.rt.execution.application.AppMain.main(AppMain.java:144)
... Removed 28 stack frames]]>
    </failure>
  </testcase> <!-- testFacebookVisibilitySetting -->
</testsuite> <!-- Test Facebook -->
